Terminals unused in grammar

   DO
   BREAK
   CONTINUE
   CHAR
   DOUBLE
   SWITCH
   CASE
   DEFAULT
   GOTO
   COLON
   LOWER_THAN_ELSE


State 110 conflicts: 1 shift/reduce


Grammar

    0 $accept: start $end

    1 start: program

    2 program: program unit
    3        | unit

    4 unit: var_declaration
    5     | func_definition

    6 func_definition: type_specifier ID LPAREN parameter_list RPAREN compound_statement
    7                | type_specifier ID LPAREN RPAREN compound_statement

    8 parameter_list: parameter_list COMMA type_specifier ID
    9               | parameter_list COMMA type_specifier
   10               | type_specifier ID
   11               | type_specifier

   12 compound_statement: LCURL statements RCURL
   13                   | LCURL RCURL

   14 var_declaration: type_specifier declaration_list SEMICOLON

   15 type_specifier: INT
   16               | FLOAT
   17               | VOID

   18 declaration_list: declaration_list COMMA ID
   19                 | declaration_list COMMA ID LTHIRD CONST_INT RTHIRD
   20                 | ID
   21                 | ID LTHIRD CONST_INT RTHIRD

   22 statements: statement
   23           | statements statement

   24 statement: var_declaration
   25          | expression_statement
   26          | compound_statement
   27          | FOR LPAREN expression_statement expression_statement expression RPAREN statement
   28          | IF LPAREN expression RPAREN statement
   29          | IF LPAREN expression RPAREN statement ELSE statement
   30          | WHILE LPAREN expression RPAREN statement
   31          | PRINTLN LPAREN ID RPAREN SEMICOLON
   32          | PRINTF LPAREN ID RPAREN SEMICOLON
   33          | RETURN expression SEMICOLON

   34 expression_statement: SEMICOLON
   35                     | expression SEMICOLON

   36 variable: ID
   37         | ID LTHIRD expression RTHIRD

   38 expression: logic_expression
   39           | variable ASSIGNOP logic_expression

   40 logic_expression: rel_expression
   41                 | rel_expression LOGICOP rel_expression

   42 rel_expression: simple_expression
   43               | simple_expression RELOP simple_expression

   44 simple_expression: term
   45                  | simple_expression ADDOP term

   46 term: unary_expression
   47     | term MULOP unary_expression

   48 unary_expression: ADDOP unary_expression
   49                 | NOT unary_expression
   50                 | factor

   51 factor: variable
   52       | ID LPAREN argument_list RPAREN
   53       | LPAREN expression RPAREN
   54       | CONST_INT
   55       | CONST_FLOAT
   56       | variable INCOP
   57       | variable DECOP

   58 argument_list: arguments
   59              | /* empty */

   60 arguments: arguments COMMA logic_expression
   61          | logic_expression


Terminals, with rules where they appear

$end (0) 0
error (256)
IF (258) 28 29
ELSE (259) 29
FOR (260) 27
WHILE (261) 30
DO (262)
BREAK (263)
CONTINUE (264)
RETURN (265) 33
INT (266) 15
FLOAT (267) 16
CHAR (268)
VOID (269) 17
DOUBLE (270)
SWITCH (271)
CASE (272)
DEFAULT (273)
PRINTLN (274) 31
ADDOP (275) 45 48
MULOP (276) 47
INCOP (277) 56
DECOP (278) 57
RELOP (279) 43
ASSIGNOP (280) 39
LOGICOP (281) 41
NOT (282) 49
LPAREN (283) 6 7 27 28 29 30 31 32 52 53
RPAREN (284) 6 7 27 28 29 30 31 32 52 53
LCURL (285) 12 13
RCURL (286) 12 13
LTHIRD (287) 19 21 37
RTHIRD (288) 19 21 37
SEMICOLON (289) 14 31 32 33 34 35
COMMA (290) 8 9 18 19 60
ID (291) 6 7 8 10 18 19 20 21 31 32 36 37 52
CONST_INT (292) 19 21 54
CONST_FLOAT (293) 55
GOTO (294)
PRINTF (295) 32
COLON (296)
LOWER_THAN_ELSE (297)


Nonterminals, with rules where they appear

$accept (43)
    on left: 0
start (44)
    on left: 1, on right: 0
program (45)
    on left: 2 3, on right: 1 2
unit (46)
    on left: 4 5, on right: 2 3
func_definition (47)
    on left: 6 7, on right: 5
parameter_list (48)
    on left: 8 9 10 11, on right: 6 8 9
compound_statement (49)
    on left: 12 13, on right: 6 7 26
var_declaration (50)
    on left: 14, on right: 4 24
type_specifier (51)
    on left: 15 16 17, on right: 6 7 8 9 10 11 14
declaration_list (52)
    on left: 18 19 20 21, on right: 14 18 19
statements (53)
    on left: 22 23, on right: 12 23
statement (54)
    on left: 24 25 26 27 28 29 30 31 32 33, on right: 22 23 27 28 29
    30
expression_statement (55)
    on left: 34 35, on right: 25 27
variable (56)
    on left: 36 37, on right: 39 51 56 57
expression (57)
    on left: 38 39, on right: 27 28 29 30 33 35 37 53
logic_expression (58)
    on left: 40 41, on right: 38 39 60 61
rel_expression (59)
    on left: 42 43, on right: 40 41
simple_expression (60)
    on left: 44 45, on right: 42 43 45
term (61)
    on left: 46 47, on right: 44 45 47
unary_expression (62)
    on left: 48 49 50, on right: 46 47 48 49
factor (63)
    on left: 51 52 53 54 55 56 57, on right: 50
argument_list (64)
    on left: 58 59, on right: 52
arguments (65)
    on left: 60 61, on right: 58 60


State 0

    0 $accept: . start $end

    INT    shift, and go to state 1
    FLOAT  shift, and go to state 2
    VOID   shift, and go to state 3

    start            go to state 4
    program          go to state 5
    unit             go to state 6
    func_definition  go to state 7
    var_declaration  go to state 8
    type_specifier   go to state 9


State 1

   15 type_specifier: INT .

    $default  reduce using rule 15 (type_specifier)


State 2

   16 type_specifier: FLOAT .

    $default  reduce using rule 16 (type_specifier)


State 3

   17 type_specifier: VOID .

    $default  reduce using rule 17 (type_specifier)


State 4

    0 $accept: start . $end

    $end  shift, and go to state 10


State 5

    1 start: program .
    2 program: program . unit

    INT    shift, and go to state 1
    FLOAT  shift, and go to state 2
    VOID   shift, and go to state 3

    $default  reduce using rule 1 (start)

    unit             go to state 11
    func_definition  go to state 7
    var_declaration  go to state 8
    type_specifier   go to state 9


State 6

    3 program: unit .

    $default  reduce using rule 3 (program)


State 7

    5 unit: func_definition .

    $default  reduce using rule 5 (unit)


State 8

    4 unit: var_declaration .

    $default  reduce using rule 4 (unit)


State 9

    6 func_definition: type_specifier . ID LPAREN parameter_list RPAREN compound_statement
    7                | type_specifier . ID LPAREN RPAREN compound_statement
   14 var_declaration: type_specifier . declaration_list SEMICOLON

    ID  shift, and go to state 12

    declaration_list  go to state 13


State 10

    0 $accept: start $end .

    $default  accept


State 11

    2 program: program unit .

    $default  reduce using rule 2 (program)


State 12

    6 func_definition: type_specifier ID . LPAREN parameter_list RPAREN compound_statement
    7                | type_specifier ID . LPAREN RPAREN compound_statement
   20 declaration_list: ID .
   21                 | ID . LTHIRD CONST_INT RTHIRD

    LPAREN  shift, and go to state 14
    LTHIRD  shift, and go to state 15

    $default  reduce using rule 20 (declaration_list)


State 13

   14 var_declaration: type_specifier declaration_list . SEMICOLON
   18 declaration_list: declaration_list . COMMA ID
   19                 | declaration_list . COMMA ID LTHIRD CONST_INT RTHIRD

    SEMICOLON  shift, and go to state 16
    COMMA      shift, and go to state 17


State 14

    6 func_definition: type_specifier ID LPAREN . parameter_list RPAREN compound_statement
    7                | type_specifier ID LPAREN . RPAREN compound_statement

    INT     shift, and go to state 1
    FLOAT   shift, and go to state 2
    VOID    shift, and go to state 3
    RPAREN  shift, and go to state 18

    parameter_list  go to state 19
    type_specifier  go to state 20


State 15

   21 declaration_list: ID LTHIRD . CONST_INT RTHIRD

    CONST_INT  shift, and go to state 21


State 16

   14 var_declaration: type_specifier declaration_list SEMICOLON .

    $default  reduce using rule 14 (var_declaration)


State 17

   18 declaration_list: declaration_list COMMA . ID
   19                 | declaration_list COMMA . ID LTHIRD CONST_INT RTHIRD

    ID  shift, and go to state 22


State 18

    7 func_definition: type_specifier ID LPAREN RPAREN . compound_statement

    LCURL  shift, and go to state 23

    compound_statement  go to state 24


State 19

    6 func_definition: type_specifier ID LPAREN parameter_list . RPAREN compound_statement
    8 parameter_list: parameter_list . COMMA type_specifier ID
    9               | parameter_list . COMMA type_specifier

    RPAREN  shift, and go to state 25
    COMMA   shift, and go to state 26


State 20

   10 parameter_list: type_specifier . ID
   11               | type_specifier .

    ID  shift, and go to state 27

    $default  reduce using rule 11 (parameter_list)


State 21

   21 declaration_list: ID LTHIRD CONST_INT . RTHIRD

    RTHIRD  shift, and go to state 28


State 22

   18 declaration_list: declaration_list COMMA ID .
   19                 | declaration_list COMMA ID . LTHIRD CONST_INT RTHIRD

    LTHIRD  shift, and go to state 29

    $default  reduce using rule 18 (declaration_list)


State 23

   12 compound_statement: LCURL . statements RCURL
   13                   | LCURL . RCURL

    IF           shift, and go to state 30
    FOR          shift, and go to state 31
    WHILE        shift, and go to state 32
    RETURN       shift, and go to state 33
    INT          shift, and go to state 1
    FLOAT        shift, and go to state 2
    VOID         shift, and go to state 3
    PRINTLN      shift, and go to state 34
    ADDOP        shift, and go to state 35
    NOT          shift, and go to state 36
    LPAREN       shift, and go to state 37
    LCURL        shift, and go to state 23
    RCURL        shift, and go to state 38
    SEMICOLON    shift, and go to state 39
    ID           shift, and go to state 40
    CONST_INT    shift, and go to state 41
    CONST_FLOAT  shift, and go to state 42
    PRINTF       shift, and go to state 43

    compound_statement    go to state 44
    var_declaration       go to state 45
    type_specifier        go to state 46
    statements            go to state 47
    statement             go to state 48
    expression_statement  go to state 49
    variable              go to state 50
    expression            go to state 51
    logic_expression      go to state 52
    rel_expression        go to state 53
    simple_expression     go to state 54
    term                  go to state 55
    unary_expression      go to state 56
    factor                go to state 57


State 24

    7 func_definition: type_specifier ID LPAREN RPAREN compound_statement .

    $default  reduce using rule 7 (func_definition)


State 25

    6 func_definition: type_specifier ID LPAREN parameter_list RPAREN . compound_statement

    LCURL  shift, and go to state 23

    compound_statement  go to state 58


State 26

    8 parameter_list: parameter_list COMMA . type_specifier ID
    9               | parameter_list COMMA . type_specifier

    INT    shift, and go to state 1
    FLOAT  shift, and go to state 2
    VOID   shift, and go to state 3

    type_specifier  go to state 59


State 27

   10 parameter_list: type_specifier ID .

    $default  reduce using rule 10 (parameter_list)


State 28

   21 declaration_list: ID LTHIRD CONST_INT RTHIRD .

    $default  reduce using rule 21 (declaration_list)


State 29

   19 declaration_list: declaration_list COMMA ID LTHIRD . CONST_INT RTHIRD

    CONST_INT  shift, and go to state 60


State 30

   28 statement: IF . LPAREN expression RPAREN statement
   29          | IF . LPAREN expression RPAREN statement ELSE statement

    LPAREN  shift, and go to state 61


State 31

   27 statement: FOR . LPAREN expression_statement expression_statement expression RPAREN statement

    LPAREN  shift, and go to state 62


State 32

   30 statement: WHILE . LPAREN expression RPAREN statement

    LPAREN  shift, and go to state 63


State 33

   33 statement: RETURN . expression SEMICOLON

    ADDOP        shift, and go to state 35
    NOT          shift, and go to state 36
    LPAREN       shift, and go to state 37
    ID           shift, and go to state 40
    CONST_INT    shift, and go to state 41
    CONST_FLOAT  shift, and go to state 42

    variable           go to state 50
    expression         go to state 64
    logic_expression   go to state 52
    rel_expression     go to state 53
    simple_expression  go to state 54
    term               go to state 55
    unary_expression   go to state 56
    factor             go to state 57


State 34

   31 statement: PRINTLN . LPAREN ID RPAREN SEMICOLON

    LPAREN  shift, and go to state 65


State 35

   48 unary_expression: ADDOP . unary_expression

    ADDOP        shift, and go to state 35
    NOT          shift, and go to state 36
    LPAREN       shift, and go to state 37
    ID           shift, and go to state 40
    CONST_INT    shift, and go to state 41
    CONST_FLOAT  shift, and go to state 42

    variable          go to state 66
    unary_expression  go to state 67
    factor            go to state 57


State 36

   49 unary_expression: NOT . unary_expression

    ADDOP        shift, and go to state 35
    NOT          shift, and go to state 36
    LPAREN       shift, and go to state 37
    ID           shift, and go to state 40
    CONST_INT    shift, and go to state 41
    CONST_FLOAT  shift, and go to state 42

    variable          go to state 66
    unary_expression  go to state 68
    factor            go to state 57


State 37

   53 factor: LPAREN . expression RPAREN

    ADDOP        shift, and go to state 35
    NOT          shift, and go to state 36
    LPAREN       shift, and go to state 37
    ID           shift, and go to state 40
    CONST_INT    shift, and go to state 41
    CONST_FLOAT  shift, and go to state 42

    variable           go to state 50
    expression         go to state 69
    logic_expression   go to state 52
    rel_expression     go to state 53
    simple_expression  go to state 54
    term               go to state 55
    unary_expression   go to state 56
    factor             go to state 57


State 38

   13 compound_statement: LCURL RCURL .

    $default  reduce using rule 13 (compound_statement)


State 39

   34 expression_statement: SEMICOLON .

    $default  reduce using rule 34 (expression_statement)


State 40

   36 variable: ID .
   37         | ID . LTHIRD expression RTHIRD
   52 factor: ID . LPAREN argument_list RPAREN

    LPAREN  shift, and go to state 70
    LTHIRD  shift, and go to state 71

    $default  reduce using rule 36 (variable)


State 41

   54 factor: CONST_INT .

    $default  reduce using rule 54 (factor)


State 42

   55 factor: CONST_FLOAT .

    $default  reduce using rule 55 (factor)


State 43

   32 statement: PRINTF . LPAREN ID RPAREN SEMICOLON

    LPAREN  shift, and go to state 72


State 44

   26 statement: compound_statement .

    $default  reduce using rule 26 (statement)


State 45

   24 statement: var_declaration .

    $default  reduce using rule 24 (statement)


State 46

   14 var_declaration: type_specifier . declaration_list SEMICOLON

    ID  shift, and go to state 73

    declaration_list  go to state 13


State 47

   12 compound_statement: LCURL statements . RCURL
   23 statements: statements . statement

    IF           shift, and go to state 30
    FOR          shift, and go to state 31
    WHILE        shift, and go to state 32
    RETURN       shift, and go to state 33
    INT          shift, and go to state 1
    FLOAT        shift, and go to state 2
    VOID         shift, and go to state 3
    PRINTLN      shift, and go to state 34
    ADDOP        shift, and go to state 35
    NOT          shift, and go to state 36
    LPAREN       shift, and go to state 37
    LCURL        shift, and go to state 23
    RCURL        shift, and go to state 74
    SEMICOLON    shift, and go to state 39
    ID           shift, and go to state 40
    CONST_INT    shift, and go to state 41
    CONST_FLOAT  shift, and go to state 42
    PRINTF       shift, and go to state 43

    compound_statement    go to state 44
    var_declaration       go to state 45
    type_specifier        go to state 46
    statement             go to state 75
    expression_statement  go to state 49
    variable              go to state 50
    expression            go to state 51
    logic_expression      go to state 52
    rel_expression        go to state 53
    simple_expression     go to state 54
    term                  go to state 55
    unary_expression      go to state 56
    factor                go to state 57


State 48

   22 statements: statement .

    $default  reduce using rule 22 (statements)


State 49

   25 statement: expression_statement .

    $default  reduce using rule 25 (statement)


State 50

   39 expression: variable . ASSIGNOP logic_expression
   51 factor: variable .
   56       | variable . INCOP
   57       | variable . DECOP

    INCOP     shift, and go to state 76
    DECOP     shift, and go to state 77
    ASSIGNOP  shift, and go to state 78

    $default  reduce using rule 51 (factor)


State 51

   35 expression_statement: expression . SEMICOLON

    SEMICOLON  shift, and go to state 79


State 52

   38 expression: logic_expression .

    $default  reduce using rule 38 (expression)


State 53

   40 logic_expression: rel_expression .
   41                 | rel_expression . LOGICOP rel_expression

    LOGICOP  shift, and go to state 80

    $default  reduce using rule 40 (logic_expression)


State 54

   42 rel_expression: simple_expression .
   43               | simple_expression . RELOP simple_expression
   45 simple_expression: simple_expression . ADDOP term

    ADDOP  shift, and go to state 81
    RELOP  shift, and go to state 82

    $default  reduce using rule 42 (rel_expression)


State 55

   44 simple_expression: term .
   47 term: term . MULOP unary_expression

    MULOP  shift, and go to state 83

    $default  reduce using rule 44 (simple_expression)


State 56

   46 term: unary_expression .

    $default  reduce using rule 46 (term)


State 57

   50 unary_expression: factor .

    $default  reduce using rule 50 (unary_expression)


State 58

    6 func_definition: type_specifier ID LPAREN parameter_list RPAREN compound_statement .

    $default  reduce using rule 6 (func_definition)


State 59

    8 parameter_list: parameter_list COMMA type_specifier . ID
    9               | parameter_list COMMA type_specifier .

    ID  shift, and go to state 84

    $default  reduce using rule 9 (parameter_list)


State 60

   19 declaration_list: declaration_list COMMA ID LTHIRD CONST_INT . RTHIRD

    RTHIRD  shift, and go to state 85


State 61

   28 statement: IF LPAREN . expression RPAREN statement
   29          | IF LPAREN . expression RPAREN statement ELSE statement

    ADDOP        shift, and go to state 35
    NOT          shift, and go to state 36
    LPAREN       shift, and go to state 37
    ID           shift, and go to state 40
    CONST_INT    shift, and go to state 41
    CONST_FLOAT  shift, and go to state 42

    variable           go to state 50
    expression         go to state 86
    logic_expression   go to state 52
    rel_expression     go to state 53
    simple_expression  go to state 54
    term               go to state 55
    unary_expression   go to state 56
    factor             go to state 57


State 62

   27 statement: FOR LPAREN . expression_statement expression_statement expression RPAREN statement

    ADDOP        shift, and go to state 35
    NOT          shift, and go to state 36
    LPAREN       shift, and go to state 37
    SEMICOLON    shift, and go to state 39
    ID           shift, and go to state 40
    CONST_INT    shift, and go to state 41
    CONST_FLOAT  shift, and go to state 42

    expression_statement  go to state 87
    variable              go to state 50
    expression            go to state 51
    logic_expression      go to state 52
    rel_expression        go to state 53
    simple_expression     go to state 54
    term                  go to state 55
    unary_expression      go to state 56
    factor                go to state 57


State 63

   30 statement: WHILE LPAREN . expression RPAREN statement

    ADDOP        shift, and go to state 35
    NOT          shift, and go to state 36
    LPAREN       shift, and go to state 37
    ID           shift, and go to state 40
    CONST_INT    shift, and go to state 41
    CONST_FLOAT  shift, and go to state 42

    variable           go to state 50
    expression         go to state 88
    logic_expression   go to state 52
    rel_expression     go to state 53
    simple_expression  go to state 54
    term               go to state 55
    unary_expression   go to state 56
    factor             go to state 57


State 64

   33 statement: RETURN expression . SEMICOLON

    SEMICOLON  shift, and go to state 89


State 65

   31 statement: PRINTLN LPAREN . ID RPAREN SEMICOLON

    ID  shift, and go to state 90


State 66

   51 factor: variable .
   56       | variable . INCOP
   57       | variable . DECOP

    INCOP  shift, and go to state 76
    DECOP  shift, and go to state 77

    $default  reduce using rule 51 (factor)


State 67

   48 unary_expression: ADDOP unary_expression .

    $default  reduce using rule 48 (unary_expression)


State 68

   49 unary_expression: NOT unary_expression .

    $default  reduce using rule 49 (unary_expression)


State 69

   53 factor: LPAREN expression . RPAREN

    RPAREN  shift, and go to state 91


State 70

   52 factor: ID LPAREN . argument_list RPAREN

    ADDOP        shift, and go to state 35
    NOT          shift, and go to state 36
    LPAREN       shift, and go to state 37
    ID           shift, and go to state 40
    CONST_INT    shift, and go to state 41
    CONST_FLOAT  shift, and go to state 42

    $default  reduce using rule 59 (argument_list)

    variable           go to state 66
    logic_expression   go to state 92
    rel_expression     go to state 53
    simple_expression  go to state 54
    term               go to state 55
    unary_expression   go to state 56
    factor             go to state 57
    argument_list      go to state 93
    arguments          go to state 94


State 71

   37 variable: ID LTHIRD . expression RTHIRD

    ADDOP        shift, and go to state 35
    NOT          shift, and go to state 36
    LPAREN       shift, and go to state 37
    ID           shift, and go to state 40
    CONST_INT    shift, and go to state 41
    CONST_FLOAT  shift, and go to state 42

    variable           go to state 50
    expression         go to state 95
    logic_expression   go to state 52
    rel_expression     go to state 53
    simple_expression  go to state 54
    term               go to state 55
    unary_expression   go to state 56
    factor             go to state 57


State 72

   32 statement: PRINTF LPAREN . ID RPAREN SEMICOLON

    ID  shift, and go to state 96


State 73

   20 declaration_list: ID .
   21                 | ID . LTHIRD CONST_INT RTHIRD

    LTHIRD  shift, and go to state 15

    $default  reduce using rule 20 (declaration_list)


State 74

   12 compound_statement: LCURL statements RCURL .

    $default  reduce using rule 12 (compound_statement)


State 75

   23 statements: statements statement .

    $default  reduce using rule 23 (statements)


State 76

   56 factor: variable INCOP .

    $default  reduce using rule 56 (factor)


State 77

   57 factor: variable DECOP .

    $default  reduce using rule 57 (factor)


State 78

   39 expression: variable ASSIGNOP . logic_expression

    ADDOP        shift, and go to state 35
    NOT          shift, and go to state 36
    LPAREN       shift, and go to state 37
    ID           shift, and go to state 40
    CONST_INT    shift, and go to state 41
    CONST_FLOAT  shift, and go to state 42

    variable           go to state 66
    logic_expression   go to state 97
    rel_expression     go to state 53
    simple_expression  go to state 54
    term               go to state 55
    unary_expression   go to state 56
    factor             go to state 57


State 79

   35 expression_statement: expression SEMICOLON .

    $default  reduce using rule 35 (expression_statement)


State 80

   41 logic_expression: rel_expression LOGICOP . rel_expression

    ADDOP        shift, and go to state 35
    NOT          shift, and go to state 36
    LPAREN       shift, and go to state 37
    ID           shift, and go to state 40
    CONST_INT    shift, and go to state 41
    CONST_FLOAT  shift, and go to state 42

    variable           go to state 66
    rel_expression     go to state 98
    simple_expression  go to state 54
    term               go to state 55
    unary_expression   go to state 56
    factor             go to state 57


State 81

   45 simple_expression: simple_expression ADDOP . term

    ADDOP        shift, and go to state 35
    NOT          shift, and go to state 36
    LPAREN       shift, and go to state 37
    ID           shift, and go to state 40
    CONST_INT    shift, and go to state 41
    CONST_FLOAT  shift, and go to state 42

    variable          go to state 66
    term              go to state 99
    unary_expression  go to state 56
    factor            go to state 57


State 82

   43 rel_expression: simple_expression RELOP . simple_expression

    ADDOP        shift, and go to state 35
    NOT          shift, and go to state 36
    LPAREN       shift, and go to state 37
    ID           shift, and go to state 40
    CONST_INT    shift, and go to state 41
    CONST_FLOAT  shift, and go to state 42

    variable           go to state 66
    simple_expression  go to state 100
    term               go to state 55
    unary_expression   go to state 56
    factor             go to state 57


State 83

   47 term: term MULOP . unary_expression

    ADDOP        shift, and go to state 35
    NOT          shift, and go to state 36
    LPAREN       shift, and go to state 37
    ID           shift, and go to state 40
    CONST_INT    shift, and go to state 41
    CONST_FLOAT  shift, and go to state 42

    variable          go to state 66
    unary_expression  go to state 101
    factor            go to state 57


State 84

    8 parameter_list: parameter_list COMMA type_specifier ID .

    $default  reduce using rule 8 (parameter_list)


State 85

   19 declaration_list: declaration_list COMMA ID LTHIRD CONST_INT RTHIRD .

    $default  reduce using rule 19 (declaration_list)


State 86

   28 statement: IF LPAREN expression . RPAREN statement
   29          | IF LPAREN expression . RPAREN statement ELSE statement

    RPAREN  shift, and go to state 102


State 87

   27 statement: FOR LPAREN expression_statement . expression_statement expression RPAREN statement

    ADDOP        shift, and go to state 35
    NOT          shift, and go to state 36
    LPAREN       shift, and go to state 37
    SEMICOLON    shift, and go to state 39
    ID           shift, and go to state 40
    CONST_INT    shift, and go to state 41
    CONST_FLOAT  shift, and go to state 42

    expression_statement  go to state 103
    variable              go to state 50
    expression            go to state 51
    logic_expression      go to state 52
    rel_expression        go to state 53
    simple_expression     go to state 54
    term                  go to state 55
    unary_expression      go to state 56
    factor                go to state 57


State 88

   30 statement: WHILE LPAREN expression . RPAREN statement

    RPAREN  shift, and go to state 104


State 89

   33 statement: RETURN expression SEMICOLON .

    $default  reduce using rule 33 (statement)


State 90

   31 statement: PRINTLN LPAREN ID . RPAREN SEMICOLON

    RPAREN  shift, and go to state 105


State 91

   53 factor: LPAREN expression RPAREN .

    $default  reduce using rule 53 (factor)


State 92

   61 arguments: logic_expression .

    $default  reduce using rule 61 (arguments)


State 93

   52 factor: ID LPAREN argument_list . RPAREN

    RPAREN  shift, and go to state 106


State 94

   58 argument_list: arguments .
   60 arguments: arguments . COMMA logic_expression

    COMMA  shift, and go to state 107

    $default  reduce using rule 58 (argument_list)


State 95

   37 variable: ID LTHIRD expression . RTHIRD

    RTHIRD  shift, and go to state 108


State 96

   32 statement: PRINTF LPAREN ID . RPAREN SEMICOLON

    RPAREN  shift, and go to state 109


State 97

   39 expression: variable ASSIGNOP logic_expression .

    $default  reduce using rule 39 (expression)


State 98

   41 logic_expression: rel_expression LOGICOP rel_expression .

    $default  reduce using rule 41 (logic_expression)


State 99

   45 simple_expression: simple_expression ADDOP term .
   47 term: term . MULOP unary_expression

    MULOP  shift, and go to state 83

    $default  reduce using rule 45 (simple_expression)


State 100

   43 rel_expression: simple_expression RELOP simple_expression .
   45 simple_expression: simple_expression . ADDOP term

    ADDOP  shift, and go to state 81

    $default  reduce using rule 43 (rel_expression)


State 101

   47 term: term MULOP unary_expression .

    $default  reduce using rule 47 (term)


State 102

   28 statement: IF LPAREN expression RPAREN . statement
   29          | IF LPAREN expression RPAREN . statement ELSE statement

    IF           shift, and go to state 30
    FOR          shift, and go to state 31
    WHILE        shift, and go to state 32
    RETURN       shift, and go to state 33
    INT          shift, and go to state 1
    FLOAT        shift, and go to state 2
    VOID         shift, and go to state 3
    PRINTLN      shift, and go to state 34
    ADDOP        shift, and go to state 35
    NOT          shift, and go to state 36
    LPAREN       shift, and go to state 37
    LCURL        shift, and go to state 23
    SEMICOLON    shift, and go to state 39
    ID           shift, and go to state 40
    CONST_INT    shift, and go to state 41
    CONST_FLOAT  shift, and go to state 42
    PRINTF       shift, and go to state 43

    compound_statement    go to state 44
    var_declaration       go to state 45
    type_specifier        go to state 46
    statement             go to state 110
    expression_statement  go to state 49
    variable              go to state 50
    expression            go to state 51
    logic_expression      go to state 52
    rel_expression        go to state 53
    simple_expression     go to state 54
    term                  go to state 55
    unary_expression      go to state 56
    factor                go to state 57


State 103

   27 statement: FOR LPAREN expression_statement expression_statement . expression RPAREN statement

    ADDOP        shift, and go to state 35
    NOT          shift, and go to state 36
    LPAREN       shift, and go to state 37
    ID           shift, and go to state 40
    CONST_INT    shift, and go to state 41
    CONST_FLOAT  shift, and go to state 42

    variable           go to state 50
    expression         go to state 111
    logic_expression   go to state 52
    rel_expression     go to state 53
    simple_expression  go to state 54
    term               go to state 55
    unary_expression   go to state 56
    factor             go to state 57


State 104

   30 statement: WHILE LPAREN expression RPAREN . statement

    IF           shift, and go to state 30
    FOR          shift, and go to state 31
    WHILE        shift, and go to state 32
    RETURN       shift, and go to state 33
    INT          shift, and go to state 1
    FLOAT        shift, and go to state 2
    VOID         shift, and go to state 3
    PRINTLN      shift, and go to state 34
    ADDOP        shift, and go to state 35
    NOT          shift, and go to state 36
    LPAREN       shift, and go to state 37
    LCURL        shift, and go to state 23
    SEMICOLON    shift, and go to state 39
    ID           shift, and go to state 40
    CONST_INT    shift, and go to state 41
    CONST_FLOAT  shift, and go to state 42
    PRINTF       shift, and go to state 43

    compound_statement    go to state 44
    var_declaration       go to state 45
    type_specifier        go to state 46
    statement             go to state 112
    expression_statement  go to state 49
    variable              go to state 50
    expression            go to state 51
    logic_expression      go to state 52
    rel_expression        go to state 53
    simple_expression     go to state 54
    term                  go to state 55
    unary_expression      go to state 56
    factor                go to state 57


State 105

   31 statement: PRINTLN LPAREN ID RPAREN . SEMICOLON

    SEMICOLON  shift, and go to state 113


State 106

   52 factor: ID LPAREN argument_list RPAREN .

    $default  reduce using rule 52 (factor)


State 107

   60 arguments: arguments COMMA . logic_expression

    ADDOP        shift, and go to state 35
    NOT          shift, and go to state 36
    LPAREN       shift, and go to state 37
    ID           shift, and go to state 40
    CONST_INT    shift, and go to state 41
    CONST_FLOAT  shift, and go to state 42

    variable           go to state 66
    logic_expression   go to state 114
    rel_expression     go to state 53
    simple_expression  go to state 54
    term               go to state 55
    unary_expression   go to state 56
    factor             go to state 57


State 108

   37 variable: ID LTHIRD expression RTHIRD .

    $default  reduce using rule 37 (variable)


State 109

   32 statement: PRINTF LPAREN ID RPAREN . SEMICOLON

    SEMICOLON  shift, and go to state 115


State 110

   28 statement: IF LPAREN expression RPAREN statement .
   29          | IF LPAREN expression RPAREN statement . ELSE statement

    ELSE  shift, and go to state 116

    ELSE      [reduce using rule 28 (statement)]
    $default  reduce using rule 28 (statement)


State 111

   27 statement: FOR LPAREN expression_statement expression_statement expression . RPAREN statement

    RPAREN  shift, and go to state 117


State 112

   30 statement: WHILE LPAREN expression RPAREN statement .

    $default  reduce using rule 30 (statement)


State 113

   31 statement: PRINTLN LPAREN ID RPAREN SEMICOLON .

    $default  reduce using rule 31 (statement)


State 114

   60 arguments: arguments COMMA logic_expression .

    $default  reduce using rule 60 (arguments)


State 115

   32 statement: PRINTF LPAREN ID RPAREN SEMICOLON .

    $default  reduce using rule 32 (statement)


State 116

   29 statement: IF LPAREN expression RPAREN statement ELSE . statement

    IF           shift, and go to state 30
    FOR          shift, and go to state 31
    WHILE        shift, and go to state 32
    RETURN       shift, and go to state 33
    INT          shift, and go to state 1
    FLOAT        shift, and go to state 2
    VOID         shift, and go to state 3
    PRINTLN      shift, and go to state 34
    ADDOP        shift, and go to state 35
    NOT          shift, and go to state 36
    LPAREN       shift, and go to state 37
    LCURL        shift, and go to state 23
    SEMICOLON    shift, and go to state 39
    ID           shift, and go to state 40
    CONST_INT    shift, and go to state 41
    CONST_FLOAT  shift, and go to state 42
    PRINTF       shift, and go to state 43

    compound_statement    go to state 44
    var_declaration       go to state 45
    type_specifier        go to state 46
    statement             go to state 118
    expression_statement  go to state 49
    variable              go to state 50
    expression            go to state 51
    logic_expression      go to state 52
    rel_expression        go to state 53
    simple_expression     go to state 54
    term                  go to state 55
    unary_expression      go to state 56
    factor                go to state 57


State 117

   27 statement: FOR LPAREN expression_statement expression_statement expression RPAREN . statement

    IF           shift, and go to state 30
    FOR          shift, and go to state 31
    WHILE        shift, and go to state 32
    RETURN       shift, and go to state 33
    INT          shift, and go to state 1
    FLOAT        shift, and go to state 2
    VOID         shift, and go to state 3
    PRINTLN      shift, and go to state 34
    ADDOP        shift, and go to state 35
    NOT          shift, and go to state 36
    LPAREN       shift, and go to state 37
    LCURL        shift, and go to state 23
    SEMICOLON    shift, and go to state 39
    ID           shift, and go to state 40
    CONST_INT    shift, and go to state 41
    CONST_FLOAT  shift, and go to state 42
    PRINTF       shift, and go to state 43

    compound_statement    go to state 44
    var_declaration       go to state 45
    type_specifier        go to state 46
    statement             go to state 119
    expression_statement  go to state 49
    variable              go to state 50
    expression            go to state 51
    logic_expression      go to state 52
    rel_expression        go to state 53
    simple_expression     go to state 54
    term                  go to state 55
    unary_expression      go to state 56
    factor                go to state 57


State 118

   29 statement: IF LPAREN expression RPAREN statement ELSE statement .

    $default  reduce using rule 29 (statement)


State 119

   27 statement: FOR LPAREN expression_statement expression_statement expression RPAREN statement .

    $default  reduce using rule 27 (statement)
